[18:49:42] [main/INFO]: Loading Minecraft 1.21.4 with Fabric Loader 0.16.9
[18:49:42] [main/INFO]: Fabric is preparing JARs on first launch, this may take a few seconds...
[18:49:42] [main/INFO]: Loading 49 mods:
	- fabric-api 0.111.0+1.21.4
	   |-- fabric-api-base 0.4.53+453d4f9104
	   |-- fabric-api-lookup-api-v1 1.6.84+7feeb73304
	   |-- fabric-biome-api-v1 15.0.4+466a140b04
	   |-- fabric-block-api-v1 1.0.31+7feeb73304
	   |-- fabric-block-view-api-v2 1.0.19+7feeb73304
	   |-- fabric-blockrenderlayer-v1 2.0.7+7feeb73304
	   |-- fabric-client-tags-api-v1 1.1.27+7feeb73304
	   |-- fabric-command-api-v1 1.2.61+f71b366f04
	   |-- fabric-command-api-v2 2.2.40+e496eb1504
	   |-- fabric-commands-v0 0.2.78+df3654b304
	   |-- fabric-content-registries-v0 9.1.12+7feeb73304
	   |-- fabric-convention-tags-v1 2.1.6+7f945d5b04
	   |-- fabric-convention-tags-v2 2.9.6+466a140b04
	   |-- fabric-crash-report-info-v1 0.3.6+7feeb73304
	   |-- fabric-data-attachment-api-v1 1.4.3+9aea556b04
	   |-- fabric-data-generation-api-v1 22.1.2+466a140b04
	   |-- fabric-dimensions-v1 4.0.10+7feeb73304
	   |-- fabric-entity-events-v1 2.0.11+60fccc7604
	   |-- fabric-events-interaction-v0 4.0.1+a4eebcf004
	   |-- fabric-game-rule-api-v1 1.0.62+7feeb73304
	   |-- fabric-item-api-v1 11.1.12+203e6b2304
	   |-- fabric-item-group-api-v1 4.1.21+7feeb73304
	   |-- fabric-key-binding-api-v1 1.0.56+7feeb73304
	   |-- fabric-keybindings-v0 0.2.54+df3654b304
	   |-- fabric-lifecycle-events-v1 2.5.3+bf2a60eb04
	   |-- fabric-loot-api-v2 3.0.31+3f89f5a504
	   |-- fabric-loot-api-v3 1.0.19+203e6b2304
	   |-- fabric-message-api-v1 6.0.24+7feeb73304
	   |-- fabric-model-loading-api-v1 4.1.0+7b6b225304
	   |-- fabric-networking-api-v1 4.3.8+cc0fa2fe04
	   |-- fabric-object-builder-api-v1 18.0.5+e604fe7f04
	   |-- fabric-particles-v1 4.0.13+7feeb73304
	   |-- fabric-recipe-api-v1 8.0.3+fa62a02304
	   |-- fabric-registry-sync-v0 6.0.1+cc0fa2fe04
	   |-- fabric-renderer-api-v1 5.0.1+84404cdd04
	   |-- fabric-renderer-indigo 2.0.1+84404cdd04
	   |-- fabric-rendering-data-attachment-v1 0.3.57+73761d2e04
	   |-- fabric-rendering-fluids-v1 3.1.18+7feeb73304
	   |-- fabric-rendering-v1 10.1.0+7e7568bf04
	   |-- fabric-resource-conditions-api-v1 5.0.13+203e6b2304
	   |-- fabric-resource-loader-v0 3.0.10+203e6b2304
	   |-- fabric-screen-api-v1 2.0.37+7feeb73304
	   |-- fabric-screen-handler-api-v1 1.3.106+7feeb73304
	   |-- fabric-sound-api-v1 1.0.32+7feeb73304
	   |-- fabric-transfer-api-v1 5.4.6+1885ad7404
	   \-- fabric-transitive-access-wideners-v1 6.3.2+56e78b9b04
	- fabricloader 0.16.9
	   \-- mixinextras 0.4.1
	- java 21
	- krypton 0.2.8
	   \-- com_velocitypowered_velocity-native 3.3.0-SNAPSHOT
	- lithium 0.14.3+mc1.21.4
	- minecraft 1.21.4
	- styledchat 2.7.1+1.21.3
	   |-- fabric-permissions-api-v0 0.3.3
	   |-- placeholder-api 2.5.1+1.21.3
	   |-- player-data-api 0.7.0+1.21.3
	   \-- predicate-api 0.6.0+1.21.2
[18:49:42] [main/WARN]: Found 1 non-fabric mod:
	- fabric-server-launch.jar
[18:49:42] [main/INFO]: SpongePowered MIXIN Subsystem Version=0.8.7 Source=file:/workspaces/MineServer/servidor_minecraft/libraries/net/fabricmc/sponge-mixin/0.15.4+mixin.0.8.7/sponge-mixin-0.15.4+mixin.0.8.7.jar Service=Knot/Fabric Env=SERVER
[18:49:42] [main/INFO]: Compatibility level set to JAVA_21
[18:49:43] [main/INFO]: Option 'mixin.entity.collisions.fluid' requires 'mixin.util.block_tracking=true' but found 'false'. Setting 'mixin.entity.collisions.fluid=false'.
[18:49:43] [main/INFO]: Option 'mixin.experimental.entity.block_caching.suffocation' requires 'mixin.util.block_tracking=true' but found 'false'. Setting 'mixin.experimental.entity.block_caching.suffocation=false'.
[18:49:43] [main/INFO]: Option 'mixin.experimental.entity.block_caching.block_support' requires 'mixin.util.block_tracking=true' but found 'false'. Setting 'mixin.experimental.entity.block_caching.block_support=false'.
[18:49:43] [main/INFO]: Option 'mixin.experimental.entity.block_caching.fluid_pushing' requires 'mixin.util.block_tracking=true' but found 'false'. Setting 'mixin.experimental.entity.block_caching.fluid_pushing=false'.
[18:49:43] [main/INFO]: Option 'mixin.experimental.entity.block_caching.block_touching' requires 'mixin.util.block_tracking=true' but found 'false'. Setting 'mixin.experimental.entity.block_caching.block_touching=false'.
[18:49:43] [main/INFO]: Option 'mixin.experimental.entity.block_caching' requires 'mixin.util.block_tracking=true' but found 'false'. Setting 'mixin.experimental.entity.block_caching=false'.
[18:49:43] [main/INFO]: Loaded configuration file for Lithium: 140 options available, 1 override(s) found
[18:49:44] [main/INFO]: Force-enabling mixin 'compat.transfer_api.TransferApiHelperMixin' as rule 'mixin.compat.transfer_api' (added by mods [lithium]) enables it
[18:49:44] [main/INFO]: Initializing MixinExtras via com.llamalad7.mixinextras.service.MixinExtrasServiceImpl(version=0.4.1).
[18:49:56] [main/INFO]: Compression will use libdeflate (Linux x86_64), encryption will use OpenSSL 1.1.x (Linux x86_64)
[18:49:56] [main/INFO]: Krypton is now accelerating your Minecraft server's networking stack 🚀
[18:49:56] [main/INFO]: Environment: Environment[sessionHost=https://sessionserver.mojang.com, servicesHost=https://api.minecraftservices.com, name=PROD]
[18:49:56] [main/INFO]: Found new data pack fabric, loading it automatically
[18:49:56] [main/INFO]: Found new data pack fabric-convention-tags-v2, loading it automatically
[18:49:56] [main/INFO]: Found new data pack styledchat, loading it automatically
[18:49:58] [main/INFO]: No existing world data, creating new world
[18:49:59] [main/INFO]: Loaded 1370 recipes
[18:49:59] [main/INFO]: Loaded 1481 advancements
[18:50:00] [main/INFO]: Applied 0 biome modifications to 0 of 65 new biomes in 1.666 ms
[18:50:00] [Server thread/INFO]: Starting minecraft server version 1.21.4
[18:50:00] [Server thread/INFO]: Loading properties
[18:50:00] [Server thread/INFO]: Default game type: SURVIVAL
[18:50:00] [Server thread/INFO]: Generating keypair
[18:50:00] [Server thread/INFO]: Starting Minecraft server on *:25565
[18:50:00] [Server thread/INFO]: Using epoll channel type
[18:50:00] [Server thread/INFO]: Preparing level "world"
[18:50:18] [Server thread/INFO]: Preparing start region for dimension minecraft:overworld
[18:50:18] [Worker-Main-1/INFO]: Preparing spawn area: 2%
[18:50:19] [Worker-Main-1/INFO]: Preparing spawn area: 2%
[18:50:19] [Worker-Main-1/INFO]: Preparing spawn area: 2%
[18:50:19] [Worker-Main-1/INFO]: Preparing spawn area: 2%
[18:50:20] [Worker-Main-1/INFO]: Preparing spawn area: 2%
[18:50:20] [Worker-Main-1/INFO]: Preparing spawn area: 2%
[18:50:21] [Worker-Main-1/INFO]: Preparing spawn area: 2%
[18:50:22] [Worker-Main-1/INFO]: Preparing spawn area: 2%
[18:50:22] [Worker-Main-1/INFO]: Preparing spawn area: 2%
[18:50:22] [Worker-Main-1/INFO]: Preparing spawn area: 4%
[18:50:23] [Worker-Main-1/INFO]: Preparing spawn area: 4%
[18:50:23] [Worker-Main-1/INFO]: Preparing spawn area: 4%
[18:50:25] [Worker-Main-1/INFO]: Preparing spawn area: 4%
[18:50:25] [Worker-Main-1/INFO]: Preparing spawn area: 4%
[18:50:25] [Worker-Main-1/INFO]: Preparing spawn area: 4%
[18:50:25] [Worker-Main-1/INFO]: Preparing spawn area: 4%
[18:50:26] [Worker-Main-1/INFO]: Preparing spawn area: 4%
[18:50:26] [Worker-Main-1/INFO]: Preparing spawn area: 4%
[18:50:27] [Worker-Main-1/INFO]: Preparing spawn area: 4%
[18:50:27] [Worker-Main-1/INFO]: Preparing spawn area: 4%
[18:50:28] [Worker-Main-1/INFO]: Preparing spawn area: 4%
[18:50:28] [Worker-Main-1/INFO]: Preparing spawn area: 24%
[18:50:28] [Server thread/INFO]: Time elapsed: 10762 ms
[18:50:28] [Server thread/INFO]: Done (28.040s)! For help, type "help"
[18:51:28] [Server thread/INFO]: Server empty for 60 seconds, pausing
